<?xml version="1.0" encoding="UTF-8"?>
<!-- Generated by org.testng.reporters.JUnitReportReporter -->
<testsuite hostname="Tilak" failures="0" tests="1" name="SeleniumAllPractice.SeleniumAllPractice.ValidateToolTipOtherWays" time="11.942" errors="0" timestamp="28 Jul 2020 14:32:05 GMT" skipped="0">
  <testcase classname="SeleniumAllPractice.SeleniumAllPractice.ValidateToolTipOtherWays" name="ToolTipTest" time="11.942"/>
</testsuite> <!-- SeleniumAllPractice.SeleniumAllPractice.ValidateToolTipOtherWays -->
